<?xml version="1.0" encoding="UTF-8"?>
<!-- Generated by org.testng.reporters.JUnitReportReporter -->
<testsuite hostname="Shuvashish" name="zappos.AddToCartTestSuite" tests="1" failures="0" timestamp="7 Feb 2016 17:34:26 GMT" time="18.359" errors="0">
  <testcase name="justTest" time="18.359" classname="zappos.AddToCartTestSuite"/>
</testsuite>
