<?xml version="1.0" encoding="UTF-8"?>
<!-- Generated by org.testng.reporters.JUnitReportReporter -->
<testsuite hostname="Shuvashish" name="zappos.StartTest" tests="1" failures="0" timestamp="7 Feb 2016 17:31:12 GMT" time="18.142" errors="0">
  <testcase name="justTest" time="18.142" classname="zappos.StartTest"/>
</testsuite>
